<?xml version="1.0" encoding="UTF-8"?>
<!-- Generated by org.testng.reporters.JUnitReportReporter -->
<testsuite hostname="DESKTOP-90L69E2" failures="0" tests="2" name="Academy.E2EProject2.HomePage" time="26.531" errors="0" timestamp="2021-08-16T23:41:06 IST" skipped="0">
  <testcase classname="Academy.E2EProject2.HomePage" name="basePageNavigation" time="2.972"/>
  <system-out/>
  <testcase classname="Academy.E2EProject2.HomePage" name="basePageNavigation" time="23.559"/>
  <system-out/>
</testsuite> <!-- Academy.E2EProject2.HomePage -->
