<?xml version="1.0" encoding="UTF-8"?>
<!-- Generated by org.testng.reporters.JUnitReportReporter -->
<testsuite hostname="DESKTOP-90L69E2" failures="0" tests="1" name="Academy.E2EProject2.validateNavigationBar" time="0.078" errors="0" timestamp="2021-08-16T23:41:06 IST" skipped="0">
  <testcase classname="Academy.E2EProject2.validateNavigationBar" name="validateNavBar" time="0.078"/>
  <system-out/>
</testsuite> <!-- Academy.E2EProject2.validateNavigationBar -->
